TN:
SF:/var/www/html/sass_test/js/src/alert.js
FN:11,(anonymous_0)
FN:48,(anonymous_1)
FN:54,(anonymous_2)
FN:60,(anonymous_3)
FN:75,(anonymous_4)
FN:82,(anonymous_5)
FN:97,(anonymous_6)
FN:104,(anonymous_7)
FN:115,(anonymous_8)
FN:119,(anonymous_9)
FN:128,(anonymous_10)
FN:129,(anonymous_11)
FN:144,(anonymous_12)
FN:145,(anonymous_13)
FN:175,(anonymous_14)
FNF:15
FNH:15
FNDA:1,(anonymous_0)
FNDA:7,(anonymous_1)
FNDA:1,(anonymous_2)
FNDA:4,(anonymous_3)
FNDA:1,(anonymous_4)
FNDA:3,(anonymous_5)
FNDA:4,(anonymous_6)
FNDA:3,(anonymous_7)
FNDA:1,(anonymous_8)
FNDA:2,(anonymous_9)
FNDA:6,(anonymous_10)
FNDA:6,(anonymous_11)
FNDA:1,(anonymous_12)
FNDA:2,(anonymous_13)
FNDA:8,(anonymous_14)
DA:11,1
DA:18,1
DA:19,1
DA:20,1
DA:21,1
DA:22,1
DA:23,1
DA:25,1
DA:29,1
DA:35,1
DA:49,7
DA:55,1
DA:61,4
DA:62,4
DA:63,3
DA:66,4
DA:68,4
DA:69,1
DA:72,3
DA:76,1
DA:77,1
DA:83,3
DA:84,3
DA:86,3
DA:87,0
DA:90,3
DA:91,3
DA:94,3
DA:98,4
DA:100,4
DA:101,4
DA:105,3
DA:107,3
DA:108,1
DA:109,1
DA:112,2
DA:114,2
DA:115,1
DA:120,2
DA:129,6
DA:130,6
DA:131,6
DA:133,6
DA:134,6
DA:135,6
DA:138,6
DA:139,1
DA:145,1
DA:146,2
DA:147,2
DA:150,2
DA:161,1
DA:173,1
DA:174,1
DA:175,1
DA:176,8
DA:177,8
DA:180,1
LF:58
LH:57
BRDA:62,0,0,3
BRDA:62,0,1,1
BRDA:68,1,0,1
BRDA:68,1,1,3
BRDA:86,2,0,0
BRDA:86,2,1,3
BRDA:90,3,0,3
BRDA:90,3,1,0
BRDA:107,4,0,1
BRDA:107,4,1,2
BRDA:133,5,0,6
BRDA:133,5,1,0
BRDA:138,6,0,1
BRDA:138,6,1,5
BRDA:146,7,0,2
BRDA:146,7,1,0
BRF:16
BRH:12
end_of_record
TN:
SF:/var/www/html/sass_test/js/src/button.js
FN:10,(anonymous_0)
FN:51,(anonymous_1)
FN:57,(anonymous_2)
FN:63,(anonymous_3)
FN:113,(anonymous_4)
FN:120,(anonymous_5)
FN:121,(anonymous_6)
FN:143,(anonymous_7)
FN:154,(anonymous_8)
FN:167,(anonymous_9)
FNF:10
FNH:10
FNDA:1,(anonymous_0)
FNDA:12,(anonymous_1)
FNDA:1,(anonymous_2)
FNDA:11,(anonymous_3)
FNDA:1,(anonymous_4)
FNDA:13,(anonymous_5)
FNDA:13,(anonymous_6)
FNDA:8,(anonymous_7)
FNDA:5,(anonymous_8)
FNDA:13,(anonymous_9)
DA:10,1
DA:17,1
DA:18,1
DA:19,1
DA:20,1
DA:21,1
DA:22,1
DA:24,1
DA:30,1
DA:38,1
DA:52,12
DA:58,1
DA:64,11
DA:65,11
DA:66,11
DA:70,11
DA:71,7
DA:73,7
DA:74,6
DA:75,4
DA:77,1
DA:79,3
DA:81,3
DA:82,2
DA:87,6
DA:88,5
DA:92,1
DA:94,4
DA:95,4
DA:98,5
DA:99,5
DA:103,10
DA:104,5
DA:108,10
DA:109,9
DA:114,1
DA:115,1
DA:121,13
DA:122,13
DA:124,13
DA:125,12
DA:126,12
DA:129,13
DA:130,11
DA:142,1
DA:144,8
DA:146,8
DA:148,8
DA:149,6
DA:152,8
DA:155,5
DA:156,5
DA:165,1
DA:166,1
DA:167,1
DA:168,13
DA:169,13
DA:172,1
LF:58
LH:58
BRDA:70,0,0,7
BRDA:70,0,1,4
BRDA:73,1,0,6
BRDA:73,1,1,1
BRDA:74,2,0,4
BRDA:74,2,1,2
BRDA:75,3,0,1
BRDA:75,3,1,3
BRDA:75,4,0,4
BRDA:75,4,1,1
BRDA:81,5,0,2
BRDA:81,5,1,1
BRDA:87,6,0,5
BRDA:87,6,1,1
BRDA:88,7,0,1
BRDA:88,7,1,4
BRDA:88,8,0,5
BRDA:88,8,1,4
BRDA:88,8,2,4
BRDA:88,8,3,4
BRDA:103,9,0,5
BRDA:103,9,1,5
BRDA:108,10,0,9
BRDA:108,10,1,1
BRDA:124,11,0,12
BRDA:124,11,1,1
BRDA:129,12,0,11
BRDA:129,12,1,2
BRDA:148,13,0,6
BRDA:148,13,1,2
BRF:30
BRH:30
end_of_record
TN:
SF:/var/www/html/sass_test/js/src/carousel.js
FN:11,(anonymous_0)
FN:90,(anonymous_1)
FN:109,(anonymous_2)
FN:113,(anonymous_3)
FN:119,(anonymous_4)
FN:125,(anonymous_5)
FN:134,(anonymous_6)
FN:140,(anonymous_7)
FN:154,(anonymous_8)
FN:172,(anonymous_9)
FN:182,(anonymous_10)
FN:199,(anonymous_11)
FN:215,(anonymous_12)
FN:224,(anonymous_13)
FN:227,(anonymous_14)
FN:232,(anonymous_15)
FN:233,(anonymous_16)
FN:242,(anonymous_17)
FN:247,(anonymous_18)
FN:253,(anonymous_19)
FN:271,(anonymous_20)
FN:278,(anonymous_21)
FN:297,(anonymous_22)
FN:312,(anonymous_23)
FN:328,(anonymous_24)
FN:391,(anonymous_25)
FN:400,(anonymous_26)
FN:418,(anonymous_27)
FN:419,(anonymous_28)
FN:454,(anonymous_29)
FN:496,(anonymous_30)
FN:512,(anonymous_31)
FNF:32
FNH:25
FNDA:1,(anonymous_0)
FNDA:31,(anonymous_1)
FNDA:0,(anonymous_2)
FNDA:0,(anonymous_3)
FNDA:16,(anonymous_4)
FNDA:462,(anonymous_5)
FNDA:9,(anonymous_6)
FNDA:10,(anonymous_7)
FNDA:10,(anonymous_8)
FNDA:2,(anonymous_9)
FNDA:0,(anonymous_10)
FNDA:2,(anonymous_11)
FNDA:31,(anonymous_12)
FNDA:29,(anonymous_13)
FNDA:10,(anonymous_14)
FNDA:0,(anonymous_15)
FNDA:0,(anonymous_16)
FNDA:0,(anonymous_17)
FNDA:0,(anonymous_18)
FNDA:10,(anonymous_19)
FNDA:132,(anonymous_20)
FNDA:23,(anonymous_21)
FNDA:24,(anonymous_22)
FNDA:22,(anonymous_23)
FNDA:26,(anonymous_24)
FNDA:14,(anonymous_25)
FNDA:14,(anonymous_26)
FNDA:44,(anonymous_27)
FNDA:44,(anonymous_28)
FNDA:4,(anonymous_29)
FNDA:3,(anonymous_30)
FNDA:26,(anonymous_31)
DA:11,1
DA:18,1
DA:19,1
DA:20,1
DA:21,1
DA:22,1
DA:23,1
DA:24,1
DA:25,1
DA:26,1
DA:28,1
DA:36,1
DA:44,1
DA:51,1
DA:62,1
DA:73,1
DA:91,31
DA:92,31
DA:93,31
DA:95,31
DA:96,31
DA:98,31
DA:100,31
DA:101,29
DA:102,29
DA:104,29
DA:110,0
DA:114,0
DA:120,16
DA:121,16
DA:128,462
DA:130,0
DA:135,9
DA:136,8
DA:141,10
DA:142,10
DA:145,10
DA:146,0
DA:147,0
DA:150,10
DA:151,10
DA:155,10
DA:156,10
DA:159,10
DA:160,0
DA:161,0
DA:164,10
DA:165,10
DA:173,2
DA:175,2
DA:177,2
DA:178,0
DA:181,2
DA:182,0
DA:183,0
DA:186,2
DA:187,0
DA:188,0
DA:189,0
DA:192,2
DA:196,2
DA:200,2
DA:201,2
DA:203,2
DA:204,2
DA:205,2
DA:206,2
DA:207,2
DA:208,2
DA:209,2
DA:210,2
DA:216,31
DA:220,31
DA:221,29
DA:225,29
DA:226,28
DA:227,10
DA:230,29
DA:231,29
DA:232,0
DA:233,0
DA:234,29
DA:242,0
DA:243,0
DA:244,0
DA:245,0
DA:247,0
DA:254,10
DA:255,6
DA:258,4
DA:260,1
DA:261,1
DA:262,1
DA:264,1
DA:265,1
DA:266,1
DA:272,132
DA:275,132
DA:279,23
DA:280,23
DA:281,23
DA:282,23
DA:283,23
DA:286,23
DA:287,2
DA:290,21
DA:291,21
DA:293,21
DA:298,24
DA:299,24
DA:300,24
DA:307,24
DA:309,24
DA:313,22
DA:314,7
DA:315,7
DA:318,7
DA:322,7
DA:323,7
DA:329,26
DA:330,26
DA:331,26
DA:333,26
DA:334,26
DA:340,26
DA:341,18
DA:342,18
DA:343,18
DA:345,8
DA:346,8
DA:347,8
DA:350,26
DA:351,2
DA:352,2
DA:355,24
DA:356,24
DA:357,2
DA:360,22
DA:362,0
DA:365,22
DA:367,22
DA:368,2
DA:371,22
DA:373,22
DA:380,22
DA:381,18
DA:383,18
DA:385,18
DA:386,18
DA:388,18
DA:390,18
DA:392,14
DA:396,14
DA:398,14
DA:400,14
DA:404,4
DA:405,4
DA:407,4
DA:408,4
DA:411,22
DA:412,2
DA:419,44
DA:420,44
DA:421,44
DA:426,44
DA:427,6
DA:433,44
DA:435,44
DA:436,31
DA:437,29
DA:440,42
DA:441,2
DA:442,40
DA:443,26
DA:444,1
DA:446,25
DA:447,14
DA:448,8
DA:449,8
DA:455,4
DA:457,4
DA:458,0
DA:461,4
DA:463,4
DA:464,0
DA:467,4
DA:471,4
DA:473,4
DA:474,0
DA:477,4
DA:479,4
DA:480,0
DA:483,4
DA:493,1
DA:496,1
DA:497,3
DA:498,3
DA:499,0
DA:500,0
DA:510,1
DA:511,1
DA:512,1
DA:513,26
DA:514,26
DA:517,1
LF:205
LH:178
BRDA:120,0,0,16
BRDA:120,0,1,0
BRDA:128,1,0,0
BRDA:128,1,1,462
BRDA:128,2,0,462
BRDA:128,2,1,462
BRDA:128,2,2,1
BRDA:135,3,0,8
BRDA:135,3,1,1
BRDA:141,4,0,10
BRDA:141,4,1,0
BRDA:145,5,0,0
BRDA:145,5,1,10
BRDA:155,6,0,10
BRDA:155,6,1,0
BRDA:159,7,0,0
BRDA:159,7,1,10
BRDA:164,8,0,10
BRDA:164,8,1,0
BRDA:164,9,0,10
BRDA:164,9,1,10
BRDA:166,10,0,10
BRDA:166,10,1,0
BRDA:177,11,0,0
BRDA:177,11,1,2
BRDA:177,12,0,2
BRDA:177,12,1,2
BRDA:181,13,0,0
BRDA:181,13,1,2
BRDA:186,14,0,0
BRDA:186,14,1,2
BRDA:192,15,0,2
BRDA:192,15,1,0
BRDA:225,16,0,28
BRDA:225,16,1,1
BRDA:230,17,0,29
BRDA:230,17,1,0
BRDA:234,18,0,0
BRDA:234,18,1,29
BRDA:244,19,0,0
BRDA:244,19,1,0
BRDA:254,20,0,6
BRDA:254,20,1,4
BRDA:258,21,0,1
BRDA:258,21,1,1
BRDA:258,21,2,2
BRDA:272,22,0,128
BRDA:272,22,1,4
BRDA:272,23,0,132
BRDA:272,23,1,128
BRDA:283,24,0,23
BRDA:283,24,1,8
BRDA:283,24,2,17
BRDA:283,24,3,15
BRDA:286,25,0,2
BRDA:286,25,1,21
BRDA:286,26,0,23
BRDA:286,26,1,8
BRDA:290,27,0,7
BRDA:290,27,1,14
BRDA:293,28,0,5
BRDA:293,28,1,16
BRDA:313,29,0,7
BRDA:313,29,1,15
BRDA:322,30,0,7
BRDA:322,30,1,0
BRDA:331,31,0,26
BRDA:331,31,1,24
BRDA:331,31,2,23
BRDA:340,32,0,18
BRDA:340,32,1,8
BRDA:350,33,0,2
BRDA:350,33,1,24
BRDA:350,34,0,26
BRDA:350,34,1,25
BRDA:356,35,0,2
BRDA:356,35,1,22
BRDA:360,36,0,0
BRDA:360,36,1,22
BRDA:360,37,0,22
BRDA:360,37,1,22
BRDA:367,38,0,2
BRDA:367,38,1,20
BRDA:380,39,0,18
BRDA:380,39,1,4
BRDA:411,40,0,2
BRDA:411,40,1,20
BRDA:426,41,0,6
BRDA:426,41,1,38
BRDA:433,42,0,22
BRDA:433,42,1,22
BRDA:435,43,0,31
BRDA:435,43,1,13
BRDA:440,44,0,2
BRDA:440,44,1,40
BRDA:442,45,0,26
BRDA:442,45,1,14
BRDA:443,46,0,1
BRDA:443,46,1,25
BRDA:447,47,0,8
BRDA:447,47,1,6
BRDA:457,48,0,0
BRDA:457,48,1,4
BRDA:463,49,0,0
BRDA:463,49,1,4
BRDA:463,50,0,4
BRDA:463,50,1,4
BRDA:473,51,0,0
BRDA:473,51,1,4
BRDA:479,52,0,0
BRDA:479,52,1,4
BRF:111
BRH:89
end_of_record
TN:
SF:/var/www/html/sass_test/js/src/collapse.js
FN:11,(anonymous_0)
FN:67,(anonymous_1)
FN:80,(anonymous_2)
FN:101,(anonymous_3)
FN:105,(anonymous_4)
FN:111,(anonymous_5)
FN:119,(anonymous_6)
FN:130,(anonymous_7)
FN:173,(anonymous_8)
FN:197,(anonymous_9)
FN:237,(anonymous_10)
FN:253,(anonymous_11)
FN:257,(anonymous_12)
FN:269,(anonymous_13)
FN:279,(anonymous_14)
FN:284,(anonymous_15)
FN:301,(anonymous_16)
FN:311,(anonymous_17)
FN:325,(anonymous_18)
FN:330,(anonymous_19)
FN:331,(anonymous_20)
FN:365,(anonymous_21)
FN:374,(anonymous_22)
FN:390,(anonymous_23)
FNF:24
FNH:19
FNDA:1,(anonymous_0)
FNDA:57,(anonymous_1)
FNDA:110,(anonymous_2)
FNDA:0,(anonymous_3)
FNDA:0,(anonymous_4)
FNDA:40,(anonymous_5)
FNDA:40,(anonymous_6)
FNDA:17,(anonymous_7)
FNDA:35,(anonymous_8)
FNDA:26,(anonymous_9)
FNDA:22,(anonymous_10)
FNDA:116,(anonymous_11)
FNDA:0,(anonymous_12)
FNDA:57,(anonymous_13)
FNDA:59,(anonymous_14)
FNDA:27,(anonymous_15)
FNDA:0,(anonymous_16)
FNDA:30,(anonymous_17)
FNDA:0,(anonymous_18)
FNDA:66,(anonymous_19)
FNDA:67,(anonymous_20)
FNDA:31,(anonymous_21)
FNDA:36,(anonymous_22)
FNDA:38,(anonymous_23)
DA:11,1
DA:18,1
DA:19,1
DA:20,1
DA:21,1
DA:22,1
DA:23,1
DA:25,1
DA:30,1
DA:35,1
DA:43,1
DA:50,1
DA:55,1
DA:68,57
DA:69,57
DA:70,57
DA:71,57
DA:75,57
DA:76,57
DA:77,92
DA:78,92
DA:79,92
DA:80,110
DA:82,92
DA:83,51
DA:84,51
DA:88,57
DA:90,57
DA:91,30
DA:94,57
DA:95,36
DA:102,0
DA:106,0
DA:112,40
DA:113,8
DA:115,32
DA:120,40
DA:122,1
DA:128,39
DA:129,18
DA:130,17
DA:132,18
DA:133,5
DA:137,39
DA:138,13
DA:139,13
DA:140,1
DA:144,38
DA:145,38
DA:146,38
DA:147,1
DA:150,37
DA:151,12
DA:152,12
DA:153,9
DA:157,37
DA:159,37
DA:163,37
DA:165,37
DA:166,30
DA:171,37
DA:173,37
DA:174,35
DA:179,35
DA:181,35
DA:183,35
DA:186,37
DA:187,37
DA:188,37
DA:190,37
DA:194,37
DA:198,26
DA:200,4
DA:203,22
DA:204,22
DA:205,22
DA:206,0
DA:209,22
DA:211,22
DA:213,22
DA:215,22
DA:220,22
DA:221,22
DA:222,20
DA:223,46
DA:224,46
DA:225,46
DA:226,46
DA:227,46
DA:228,43
DA:235,22
DA:237,22
DA:238,22
DA:239,22
DA:245,22
DA:246,22
DA:248,22
DA:254,116
DA:258,0
DA:260,0
DA:261,0
DA:262,0
DA:263,0
DA:264,0
DA:270,57
DA:274,57
DA:275,57
DA:276,57
DA:280,59
DA:281,59
DA:285,27
DA:286,27
DA:287,2
DA:290,2
DA:291,1
DA:294,25
DA:298,27
DA:300,27
DA:301,27
DA:302,0
DA:308,27
DA:312,30
DA:313,30
DA:315,30
DA:316,18
DA:326,0
DA:327,0
DA:331,66
DA:332,67
DA:333,67
DA:334,67
DA:340,67
DA:341,21
DA:344,67
DA:345,57
DA:346,57
DA:349,67
DA:350,31
DA:351,1
DA:353,30
DA:365,1
DA:367,31
DA:368,29
DA:371,31
DA:372,31
DA:373,31
DA:374,31
DA:375,36
DA:376,36
DA:377,36
DA:378,36
DA:388,1
DA:389,1
DA:390,1
DA:391,38
DA:392,38
DA:395,1
LF:157
LH:145
BRDA:82,0,0,51
BRDA:82,0,1,41
BRDA:82,1,0,92
BRDA:82,1,1,90
BRDA:88,2,0,27
BRDA:88,2,1,30
BRDA:90,3,0,30
BRDA:90,3,1,27
BRDA:94,4,0,36
BRDA:94,4,1,21
BRDA:112,5,0,8
BRDA:112,5,1,32
BRDA:120,6,0,1
BRDA:120,6,1,39
BRDA:120,7,0,40
BRDA:120,7,1,40
BRDA:128,8,0,18
BRDA:128,8,1,21
BRDA:132,9,0,5
BRDA:132,9,1,13
BRDA:137,10,0,13
BRDA:137,10,1,26
BRDA:139,11,0,1
BRDA:139,11,1,12
BRDA:139,12,0,13
BRDA:139,12,1,4
BRDA:146,13,0,1
BRDA:146,13,1,37
BRDA:150,14,0,12
BRDA:150,14,1,25
BRDA:152,15,0,9
BRDA:152,15,1,3
BRDA:165,16,0,30
BRDA:165,16,1,7
BRDA:198,17,0,4
BRDA:198,17,1,22
BRDA:198,18,0,26
BRDA:198,18,1,26
BRDA:205,19,0,0
BRDA:205,19,1,22
BRDA:221,20,0,20
BRDA:221,20,1,2
BRDA:225,21,0,46
BRDA:225,21,1,0
BRDA:227,22,0,43
BRDA:227,22,1,3
BRDA:281,23,0,0
BRDA:281,23,1,59
BRDA:286,24,0,2
BRDA:286,24,1,25
BRDA:290,25,0,1
BRDA:290,25,1,1
BRDA:312,26,0,30
BRDA:312,26,1,0
BRDA:315,27,0,18
BRDA:315,27,1,12
BRDA:327,28,0,0
BRDA:327,28,1,0
BRDA:337,29,0,34
BRDA:337,29,1,33
BRDA:337,30,0,67
BRDA:337,30,1,34
BRDA:340,31,0,21
BRDA:340,31,1,46
BRDA:340,32,0,67
BRDA:340,32,1,57
BRDA:340,32,2,57
BRDA:344,33,0,57
BRDA:344,33,1,10
BRDA:349,34,0,31
BRDA:349,34,1,36
BRDA:350,35,0,1
BRDA:350,35,1,30
BRDA:367,36,0,29
BRDA:367,36,1,2
BRDA:377,37,0,4
BRDA:377,37,1,32
BRF:77
BRH:71
end_of_record
TN:
SF:/var/www/html/sass_test/js/src/dropdown.js
FN:12,(anonymous_0)
FN:97,(anonymous_1)
FN:109,(anonymous_2)
FN:113,(anonymous_3)
FN:117,(anonymous_4)
FN:123,(anonymous_5)
FN:198,(anonymous_6)
FN:209,(anonymous_7)
FN:218,(anonymous_8)
FN:219,(anonymous_9)
FN:226,(anonymous_10)
FN:242,(anonymous_11)
FN:252,(anonymous_12)
FN:272,(anonymous_13)
FN:276,(anonymous_14)
FN:279,(anonymous_15)
FN:314,(anonymous_16)
FN:315,(anonymous_17)
FN:333,(anonymous_18)
FN:387,(anonymous_19)
FN:399,(anonymous_20)
FN:469,(anonymous_21)
FN:474,(anonymous_22)
FN:486,(anonymous_23)
FNF:24
FNH:21
FNDA:1,(anonymous_0)
FNDA:37,(anonymous_1)
FNDA:0,(anonymous_2)
FNDA:37,(anonymous_3)
FNDA:37,(anonymous_4)
FNDA:40,(anonymous_5)
FNDA:2,(anonymous_6)
FNDA:2,(anonymous_7)
FNDA:37,(anonymous_8)
FNDA:32,(anonymous_9)
FNDA:37,(anonymous_10)
FNDA:37,(anonymous_11)
FNDA:32,(anonymous_12)
FNDA:39,(anonymous_13)
FNDA:32,(anonymous_14)
FNDA:0,(anonymous_15)
FNDA:38,(anonymous_16)
FNDA:38,(anonymous_17)
FNDA:139,(anonymous_18)
FNDA:145,(anonymous_19)
FNDA:23,(anonymous_20)
FNDA:4,(anonymous_21)
FNDA:0,(anonymous_22)
FNDA:34,(anonymous_23)
DA:12,1
DA:19,1
DA:20,1
DA:21,1
DA:22,1
DA:23,1
DA:24,1
DA:25,1
DA:26,1
DA:27,1
DA:28,1
DA:29,1
DA:30,1
DA:31,1
DA:33,1
DA:44,1
DA:55,1
DA:63,1
DA:74,1
DA:82,1
DA:98,37
DA:99,37
DA:100,37
DA:101,37
DA:102,37
DA:104,37
DA:110,0
DA:114,37
DA:118,37
DA:124,40
DA:125,2
DA:128,38
DA:129,38
DA:131,38
DA:133,38
DA:134,5
DA:137,33
DA:140,33
DA:142,33
DA:144,33
DA:145,0
DA:149,33
DA:154,32
DA:155,0
DA:158,32
DA:160,32
DA:161,0
DA:162,32
DA:163,0
DA:166,0
DA:167,0
DA:174,32
DA:175,1
DA:177,32
DA:184,33
DA:186,0
DA:189,33
DA:190,33
DA:192,33
DA:193,33
DA:199,2
DA:200,2
DA:201,2
DA:202,2
DA:203,2
DA:204,1
DA:205,1
DA:210,2
DA:211,2
DA:212,1
DA:219,37
DA:220,32
DA:221,32
DA:222,32
DA:227,37
DA:233,37
DA:239,37
DA:243,37
DA:244,37
DA:245,37
DA:246,35
DA:249,37
DA:253,32
DA:254,32
DA:257,32
DA:258,0
DA:259,0
DA:260,0
DA:262,32
DA:263,0
DA:264,32
DA:265,0
DA:266,32
DA:267,0
DA:269,32
DA:273,39
DA:277,32
DA:278,32
DA:279,0
DA:280,0
DA:284,0
DA:287,32
DA:290,32
DA:304,32
DA:305,1
DA:309,32
DA:315,38
DA:316,38
DA:317,38
DA:319,38
DA:320,37
DA:321,37
DA:324,38
DA:325,7
DA:326,1
DA:328,6
DA:334,139
DA:336,1
DA:339,138
DA:340,138
DA:341,57
DA:342,57
DA:343,57
DA:347,57
DA:348,14
DA:351,57
DA:352,3
DA:355,54
DA:356,54
DA:357,35
DA:360,19
DA:363,2
DA:366,17
DA:367,17
DA:368,17
DA:369,0
DA:374,17
DA:375,0
DA:378,17
DA:380,17
DA:381,17
DA:389,145
DA:391,145
DA:392,12
DA:395,145
DA:407,23
DA:411,10
DA:414,13
DA:415,13
DA:417,13
DA:418,0
DA:421,13
DA:422,13
DA:424,13
DA:426,4
DA:427,4
DA:428,4
DA:431,4
DA:432,4
DA:435,9
DA:437,9
DA:438,0
DA:441,9
DA:443,9
DA:444,1
DA:447,9
DA:448,6
DA:451,9
DA:452,2
DA:455,9
DA:465,1
DA:470,4
DA:471,4
DA:472,4
DA:475,0
DA:484,1
DA:485,1
DA:486,1
DA:487,34
DA:488,34
DA:491,1
LF:181
LH:159
BRDA:124,0,0,2
BRDA:124,0,1,38
BRDA:124,1,0,40
BRDA:124,1,1,39
BRDA:133,2,0,5
BRDA:133,2,1,33
BRDA:144,3,0,0
BRDA:144,3,1,33
BRDA:149,4,0,32
BRDA:149,4,1,1
BRDA:154,5,0,0
BRDA:154,5,1,32
BRDA:160,6,0,0
BRDA:160,6,1,32
BRDA:162,7,0,0
BRDA:162,7,1,32
BRDA:166,8,0,0
BRDA:166,8,1,0
BRDA:174,9,0,1
BRDA:174,9,1,31
BRDA:184,10,0,0
BRDA:184,10,1,33
BRDA:184,11,0,33
BRDA:184,11,1,0
BRDA:203,12,0,1
BRDA:203,12,1,1
BRDA:211,13,0,1
BRDA:211,13,1,1
BRDA:243,14,0,37
BRDA:243,14,1,0
BRDA:245,15,0,35
BRDA:245,15,1,2
BRDA:257,16,0,0
BRDA:257,16,1,32
BRDA:259,17,0,0
BRDA:259,17,1,0
BRDA:262,18,0,0
BRDA:262,18,1,32
BRDA:264,19,0,0
BRDA:264,19,1,32
BRDA:266,20,0,0
BRDA:266,20,1,32
BRDA:278,21,0,0
BRDA:278,21,1,32
BRDA:282,22,0,0
BRDA:282,22,1,0
BRDA:304,23,0,1
BRDA:304,23,1,31
BRDA:317,24,0,0
BRDA:317,24,1,38
BRDA:319,25,0,37
BRDA:319,25,1,1
BRDA:324,26,0,7
BRDA:324,26,1,31
BRDA:325,27,0,1
BRDA:325,27,1,6
BRDA:334,28,0,1
BRDA:334,28,1,138
BRDA:334,29,0,139
BRDA:334,29,1,101
BRDA:334,29,2,101
BRDA:334,29,3,4
BRDA:347,30,0,14
BRDA:347,30,1,43
BRDA:347,31,0,57
BRDA:347,31,1,19
BRDA:351,32,0,3
BRDA:351,32,1,54
BRDA:356,33,0,35
BRDA:356,33,1,19
BRDA:360,34,0,2
BRDA:360,34,1,17
BRDA:360,35,0,19
BRDA:360,35,1,14
BRDA:360,35,2,11
BRDA:360,35,3,12
BRDA:360,35,4,3
BRDA:360,35,5,5
BRDA:368,36,0,0
BRDA:368,36,1,17
BRDA:374,37,0,0
BRDA:374,37,1,17
BRDA:391,38,0,12
BRDA:391,38,1,133
BRDA:395,39,0,145
BRDA:395,39,1,133
BRDA:407,40,0,10
BRDA:407,40,1,13
BRDA:407,41,0,17
BRDA:407,41,1,6
BRDA:408,42,0,17
BRDA:408,42,1,13
BRDA:408,42,2,10
BRDA:408,42,3,6
BRDA:408,42,4,10
BRDA:417,43,0,0
BRDA:417,43,1,13
BRDA:417,44,0,13
BRDA:417,44,1,13
BRDA:424,45,0,4
BRDA:424,45,1,9
BRDA:424,46,0,13
BRDA:424,46,1,0
BRDA:424,46,2,0
BRDA:424,46,3,13
BRDA:424,46,4,13
BRDA:424,46,5,9
BRDA:426,47,0,4
BRDA:426,47,1,0
BRDA:437,48,0,0
BRDA:437,48,1,9
BRDA:443,49,0,1
BRDA:443,49,1,8
BRDA:443,50,0,9
BRDA:443,50,1,3
BRDA:447,51,0,6
BRDA:447,51,1,3
BRDA:447,52,0,9
BRDA:447,52,1,6
BRDA:451,53,0,2
BRDA:451,53,1,7
BRF:121
BRH:95
end_of_record
TN:
SF:/var/www/html/sass_test/js/src/modal.js
FN:11,(anonymous_0)
FN:77,(anonymous_1)
FN:90,(anonymous_2)
FN:94,(anonymous_3)
FN:100,(anonymous_4)
FN:104,(anonymous_5)
FN:138,(anonymous_6)
FN:141,(anonymous_7)
FN:142,(anonymous_8)
FN:149,(anonymous_9)
FN:152,(anonymous_10)
FN:191,(anonymous_11)
FN:198,(anonymous_12)
FN:213,(anonymous_13)
FN:219,(anonymous_14)
FN:228,(anonymous_15)
FN:255,(anonymous_16)
FN:274,(anonymous_17)
FN:277,(anonymous_18)
FN:286,(anonymous_19)
FN:288,(anonymous_20)
FN:299,(anonymous_21)
FN:301,(anonymous_22)
FN:307,(anonymous_23)
FN:311,(anonymous_24)
FN:319,(anonymous_25)
FN:326,(anonymous_26)
FN:340,(anonymous_27)
FN:378,(anonymous_28)
FN:404,(anonymous_29)
FN:417,(anonymous_30)
FN:422,(anonymous_31)
FN:428,(anonymous_32)
FN:436,(anonymous_33)
FN:445,(anonymous_34)
FN:462,(anonymous_35)
FN:465,(anonymous_36)
FN:473,(anonymous_37)
FN:486,(anonymous_38)
FN:497,(anonymous_39)
FN:498,(anonymous_40)
FN:529,(anonymous_41)
FN:547,(anonymous_42)
FN:553,(anonymous_43)
FN:571,(anonymous_44)
FNF:45
FNH:37
FNDA:1,(anonymous_0)
FNDA:33,(anonymous_1)
FNDA:0,(anonymous_2)
FNDA:1,(anonymous_3)
FNDA:3,(anonymous_4)
FNDA:36,(anonymous_5)
FNDA:5,(anonymous_6)
FNDA:0,(anonymous_7)
FNDA:0,(anonymous_8)
FNDA:33,(anonymous_9)
FNDA:25,(anonymous_10)
FNDA:0,(anonymous_11)
FNDA:0,(anonymous_12)
FNDA:0,(anonymous_13)
FNDA:33,(anonymous_14)
FNDA:33,(anonymous_15)
FNDA:33,(anonymous_16)
FNDA:33,(anonymous_17)
FNDA:0,(anonymous_18)
FNDA:58,(anonymous_19)
FNDA:1,(anonymous_20)
FNDA:58,(anonymous_21)
FNDA:0,(anonymous_22)
FNDA:25,(anonymous_23)
FNDA:25,(anonymous_24)
FNDA:24,(anonymous_25)
FNDA:58,(anonymous_26)
FNDA:8,(anonymous_27)
FNDA:24,(anonymous_28)
FNDA:33,(anonymous_29)
FNDA:25,(anonymous_30)
FNDA:33,(anonymous_31)
FNDA:33,(anonymous_32)
FNDA:4,(anonymous_33)
FNDA:2,(anonymous_34)
FNDA:25,(anonymous_35)
FNDA:4,(anonymous_36)
FNDA:2,(anonymous_37)
FNDA:33,(anonymous_38)
FNDA:56,(anonymous_39)
FNDA:54,(anonymous_40)
FNDA:5,(anonymous_41)
FNDA:3,(anonymous_42)
FNDA:1,(anonymous_43)
FNDA:35,(anonymous_44)
DA:11,1
DA:18,1
DA:19,1
DA:20,1
DA:21,1
DA:22,1
DA:23,1
DA:24,1
DA:26,1
DA:33,1
DA:40,1
DA:54,1
DA:62,1
DA:78,33
DA:79,33
DA:80,33
DA:81,33
DA:82,33
DA:83,33
DA:84,33
DA:85,33
DA:91,0
DA:95,1
DA:101,3
DA:105,36
DA:106,1
DA:109,35
DA:110,0
DA:113,35
DA:117,35
DA:119,35
DA:120,2
DA:123,33
DA:125,33
DA:126,33
DA:128,33
DA:130,33
DA:132,33
DA:133,33
DA:135,33
DA:138,5
DA:141,33
DA:142,0
DA:143,0
DA:144,0
DA:149,33
DA:153,25
DA:154,5
DA:157,25
DA:158,0
DA:161,25
DA:163,25
DA:165,25
DA:166,0
DA:169,25
DA:170,25
DA:172,25
DA:173,0
DA:176,25
DA:177,25
DA:179,25
DA:181,25
DA:183,25
DA:184,25
DA:187,25
DA:188,0
DA:190,0
DA:191,0
DA:194,25
DA:199,0
DA:201,0
DA:203,0
DA:204,0
DA:205,0
DA:206,0
DA:207,0
DA:208,0
DA:209,0
DA:210,0
DA:214,0
DA:220,33
DA:224,33
DA:225,33
DA:229,33
DA:231,33
DA:234,27
DA:237,33
DA:238,33
DA:239,33
DA:241,33
DA:242,0
DA:245,33
DA:247,33
DA:248,33
DA:251,33
DA:255,33
DA:256,33
DA:257,33
DA:259,33
DA:260,33
DA:263,33
DA:264,0
DA:266,0
DA:270,33
DA:275,33
DA:278,0
DA:281,0
DA:287,58
DA:288,33
DA:289,1
DA:290,1
DA:291,1
DA:294,25
DA:295,25
DA:300,58
DA:301,33
DA:303,25
DA:308,25
DA:309,25
DA:310,25
DA:311,25
DA:312,25
DA:313,25
DA:314,25
DA:315,25
DA:320,24
DA:321,24
DA:322,24
DA:327,58
DA:330,58
DA:331,31
DA:332,31
DA:334,31
DA:335,0
DA:338,31
DA:340,31
DA:341,8
DA:342,0
DA:343,0
DA:345,8
DA:346,6
DA:348,2
DA:349,0
DA:351,2
DA:355,31
DA:356,0
DA:359,31
DA:361,31
DA:362,0
DA:365,31
DA:366,31
DA:367,31
DA:370,0
DA:372,0
DA:375,27
DA:376,24
DA:378,24
DA:379,24
DA:380,24
DA:381,24
DA:385,24
DA:386,0
DA:388,0
DA:392,24
DA:394,3
DA:395,3
DA:406,33
DA:408,33
DA:409,0
DA:412,33
DA:413,32
DA:418,25
DA:419,25
DA:423,33
DA:424,33
DA:425,33
DA:429,33
DA:432,32
DA:433,32
DA:436,32
DA:437,4
DA:438,4
DA:439,4
DA:445,32
DA:446,2
DA:447,2
DA:448,2
DA:454,32
DA:455,32
DA:456,32
DA:464,25
DA:465,25
DA:466,4
DA:467,4
DA:468,4
DA:472,25
DA:473,25
DA:474,2
DA:475,2
DA:476,2
DA:481,25
DA:482,25
DA:483,25
DA:487,33
DA:488,33
DA:489,33
DA:490,33
DA:491,33
DA:492,33
DA:498,56
DA:499,54
DA:500,54
DA:506,54
DA:507,33
DA:508,33
DA:511,54
DA:512,49
DA:513,1
DA:515,48
DA:516,5
DA:517,5
DA:529,1
DA:531,5
DA:533,5
DA:534,3
DA:537,5
DA:543,5
DA:544,1
DA:547,5
DA:548,3
DA:550,1
DA:553,2
DA:554,1
DA:555,1
DA:560,5
DA:569,1
DA:570,1
DA:571,1
DA:572,35
DA:573,35
DA:576,1
LF:241
LH:203
BRDA:101,0,0,1
BRDA:101,0,1,2
BRDA:105,1,0,1
BRDA:105,1,1,35
BRDA:105,2,0,36
BRDA:105,2,1,36
BRDA:109,3,0,0
BRDA:109,3,1,35
BRDA:119,4,0,2
BRDA:119,4,1,33
BRDA:119,5,0,35
BRDA:119,5,1,35
BRDA:143,6,0,0
BRDA:143,6,1,0
BRDA:153,7,0,5
BRDA:153,7,1,20
BRDA:157,8,0,0
BRDA:157,8,1,25
BRDA:157,9,0,25
BRDA:157,9,1,25
BRDA:165,10,0,0
BRDA:165,10,1,25
BRDA:165,11,0,25
BRDA:165,11,1,25
BRDA:172,12,0,0
BRDA:172,12,1,25
BRDA:187,13,0,0
BRDA:187,13,1,25
BRDA:231,14,0,27
BRDA:231,14,1,6
BRDA:231,15,0,33
BRDA:231,15,1,33
BRDA:241,16,0,0
BRDA:241,16,1,33
BRDA:247,17,0,33
BRDA:247,17,1,0
BRDA:256,18,0,33
BRDA:256,18,1,0
BRDA:263,19,0,0
BRDA:263,19,1,33
BRDA:278,20,0,0
BRDA:278,20,1,0
BRDA:278,21,0,0
BRDA:278,21,1,0
BRDA:278,21,2,0
BRDA:287,22,0,33
BRDA:287,22,1,25
BRDA:287,23,0,58
BRDA:287,23,1,33
BRDA:289,24,0,1
BRDA:289,24,1,0
BRDA:294,25,0,25
BRDA:294,25,1,0
BRDA:300,26,0,33
BRDA:300,26,1,25
BRDA:320,27,0,24
BRDA:320,27,1,0
BRDA:327,28,0,0
BRDA:327,28,1,58
BRDA:330,29,0,31
BRDA:330,29,1,27
BRDA:330,30,0,58
BRDA:330,30,1,33
BRDA:334,31,0,0
BRDA:334,31,1,31
BRDA:341,32,0,0
BRDA:341,32,1,8
BRDA:345,33,0,6
BRDA:345,33,1,2
BRDA:348,34,0,0
BRDA:348,34,1,2
BRDA:355,35,0,0
BRDA:355,35,1,31
BRDA:361,36,0,0
BRDA:361,36,1,31
BRDA:365,37,0,31
BRDA:365,37,1,0
BRDA:375,38,0,24
BRDA:375,38,1,3
BRDA:375,39,0,27
BRDA:375,39,1,25
BRDA:380,40,0,24
BRDA:380,40,1,0
BRDA:385,41,0,0
BRDA:385,41,1,24
BRDA:394,42,0,3
BRDA:394,42,1,0
BRDA:408,43,0,0
BRDA:408,43,1,33
BRDA:408,44,0,33
BRDA:408,44,1,1
BRDA:412,45,0,32
BRDA:412,45,1,1
BRDA:412,46,0,33
BRDA:412,46,1,32
BRDA:429,47,0,32
BRDA:429,47,1,1
BRDA:468,48,0,1
BRDA:468,48,1,3
BRDA:475,49,0,2
BRDA:475,49,1,0
BRDA:483,50,0,18
BRDA:483,50,1,7
BRDA:503,51,0,3
BRDA:503,51,1,51
BRDA:503,52,0,54
BRDA:503,52,1,3
BRDA:506,53,0,33
BRDA:506,53,1,21
BRDA:511,54,0,49
BRDA:511,54,1,5
BRDA:512,55,0,1
BRDA:512,55,1,48
BRDA:516,56,0,5
BRDA:516,56,1,0
BRDA:533,57,0,3
BRDA:533,57,1,2
BRDA:537,58,0,0
BRDA:537,58,1,5
BRDA:543,59,0,1
BRDA:543,59,1,4
BRDA:543,60,0,5
BRDA:543,60,1,5
BRDA:548,61,0,1
BRDA:548,61,1,2
BRDA:554,62,0,1
BRDA:554,62,1,0
BRF:127
BRH:93
end_of_record
TN:
SF:/var/www/html/sass_test/js/src/popover.js
FN:11,(anonymous_0)
FN:74,(anonymous_1)
FN:78,(anonymous_2)
FN:82,(anonymous_3)
FN:86,(anonymous_4)
FN:90,(anonymous_5)
FN:94,(anonymous_6)
FN:98,(anonymous_7)
FN:104,(anonymous_8)
FN:108,(anonymous_9)
FN:112,(anonymous_10)
FN:117,(anonymous_11)
FN:133,(anonymous_12)
FN:138,(anonymous_13)
FN:148,(anonymous_14)
FN:149,(anonymous_15)
FN:180,(anonymous_16)
FNF:17
FNH:16
FNDA:1,(anonymous_0)
FNDA:0,(anonymous_1)
FNDA:35,(anonymous_2)
FNDA:19,(anonymous_3)
FNDA:29,(anonymous_4)
FNDA:96,(anonymous_5)
FNDA:2,(anonymous_6)
FNDA:22,(anonymous_7)
FNDA:20,(anonymous_8)
FNDA:20,(anonymous_9)
FNDA:95,(anonymous_10)
FNDA:19,(anonymous_11)
FNDA:27,(anonymous_12)
FNDA:11,(anonymous_13)
FNDA:49,(anonymous_14)
FNDA:49,(anonymous_15)
FNDA:23,(anonymous_16)
DA:11,1
DA:18,1
DA:19,1
DA:20,1
DA:21,1
DA:22,1
DA:23,1
DA:24,1
DA:26,1
DA:37,1
DA:42,1
DA:47,1
DA:52,1
DA:75,0
DA:79,35
DA:83,19
DA:87,29
DA:91,96
DA:95,2
DA:99,22
DA:105,20
DA:109,20
DA:113,95
DA:114,95
DA:118,19
DA:121,19
DA:122,19
DA:123,19
DA:124,7
DA:126,19
DA:128,19
DA:134,27
DA:139,11
DA:140,11
DA:141,11
DA:142,11
DA:149,49
DA:150,49
DA:151,49
DA:153,49
DA:154,1
DA:157,48
DA:158,21
DA:159,21
DA:162,48
DA:163,30
DA:164,1
DA:166,29
DA:178,1
DA:179,1
DA:180,1
DA:181,23
DA:182,23
DA:185,1
LF:54
LH:53
BRDA:105,0,0,20
BRDA:105,0,1,8
BRDA:113,1,0,95
BRDA:113,1,1,16
BRDA:123,2,0,7
BRDA:123,2,1,12
BRDA:134,3,0,27
BRDA:134,3,1,21
BRDA:141,4,0,11
BRDA:141,4,1,0
BRDA:141,5,0,11
BRDA:141,5,1,11
BRDA:151,6,0,13
BRDA:151,6,1,36
BRDA:153,7,0,1
BRDA:153,7,1,48
BRDA:153,8,0,49
BRDA:153,8,1,22
BRDA:157,9,0,21
BRDA:157,9,1,27
BRDA:162,10,0,30
BRDA:162,10,1,18
BRDA:163,11,0,1
BRDA:163,11,1,29
BRF:24
BRH:23
end_of_record
TN:
SF:/var/www/html/sass_test/js/src/scrollspy.js
FN:11,(anonymous_0)
FN:73,(anonymous_1)
FN:85,(anonymous_2)
FN:93,(anonymous_3)
FN:97,(anonymous_4)
FN:103,(anonymous_5)
FN:121,(anonymous_6)
FN:141,(anonymous_7)
FN:142,(anonymous_8)
FN:143,(anonymous_9)
FN:149,(anonymous_10)
FN:165,(anonymous_11)
FN:185,(anonymous_12)
FN:190,(anonymous_13)
FN:197,(anonymous_14)
FN:202,(anonymous_15)
FN:241,(anonymous_16)
FN:248,(anonymous_17)
FN:273,(anonymous_18)
FN:280,(anonymous_19)
FN:281,(anonymous_20)
FN:306,(anonymous_21)
FN:324,(anonymous_22)
FNF:23
FNH:20
FNDA:1,(anonymous_0)
FNDA:19,(anonymous_1)
FNDA:30,(anonymous_2)
FNDA:0,(anonymous_3)
FNDA:0,(anonymous_4)
FNDA:19,(anonymous_5)
FNDA:40,(anonymous_6)
FNDA:40,(anonymous_7)
FNDA:25,(anonymous_8)
FNDA:40,(anonymous_9)
FNDA:0,(anonymous_10)
FNDA:19,(anonymous_11)
FNDA:66,(anonymous_12)
FNDA:68,(anonymous_13)
FNDA:49,(anonymous_14)
FNDA:49,(anonymous_15)
FNDA:26,(anonymous_16)
FNDA:78,(anonymous_17)
FNDA:27,(anonymous_18)
FNDA:20,(anonymous_19)
FNDA:20,(anonymous_20)
FNDA:3,(anonymous_21)
FNDA:18,(anonymous_22)
DA:11,1
DA:18,1
DA:19,1
DA:20,1
DA:21,1
DA:22,1
DA:23,1
DA:25,1
DA:31,1
DA:37,1
DA:43,1
DA:49,1
DA:61,1
DA:74,19
DA:75,19
DA:76,19
DA:77,19
DA:80,19
DA:81,19
DA:82,19
DA:83,19
DA:85,30
DA:87,19
DA:88,19
DA:94,0
DA:98,0
DA:104,19
DA:107,19
DA:110,19
DA:113,19
DA:114,19
DA:116,19
DA:118,19
DA:120,19
DA:123,40
DA:125,40
DA:126,40
DA:129,40
DA:130,40
DA:131,40
DA:133,40
DA:139,0
DA:141,40
DA:142,25
DA:144,40
DA:145,40
DA:150,0
DA:151,0
DA:153,0
DA:154,0
DA:155,0
DA:156,0
DA:157,0
DA:158,0
DA:159,0
DA:160,0
DA:166,19
DA:171,19
DA:172,1
DA:173,1
DA:174,1
DA:175,1
DA:177,1
DA:180,19
DA:182,19
DA:186,66
DA:191,68
DA:198,49
DA:203,49
DA:204,49
DA:205,49
DA:209,49
DA:210,0
DA:213,49
DA:214,1
DA:216,1
DA:217,1
DA:219,1
DA:222,48
DA:223,1
DA:224,1
DA:225,1
DA:228,47
DA:229,47
DA:230,108
DA:235,108
DA:236,25
DA:242,26
DA:244,26
DA:246,26
DA:248,26
DA:249,78
DA:253,26
DA:255,26
DA:256,0
DA:257,0
DA:260,26
DA:263,26
DA:265,26
DA:268,26
DA:274,27
DA:275,27
DA:281,20
DA:282,20
DA:283,20
DA:285,20
DA:286,19
DA:287,19
DA:290,20
DA:291,1
DA:292,1
DA:294,0
DA:306,1
DA:307,3
DA:309,3
DA:310,3
DA:311,2
DA:312,2
DA:322,1
DA:323,1
DA:324,1
DA:325,18
DA:326,18
DA:329,1
LF:124
LH:107
BRDA:75,0,0,0
BRDA:75,0,1,19
BRDA:104,1,0,0
BRDA:104,1,1,19
BRDA:107,2,0,15
BRDA:107,2,1,4
BRDA:110,3,0,17
BRDA:110,3,1,2
BRDA:125,4,0,40
BRDA:125,4,1,0
BRDA:129,5,0,40
BRDA:129,5,1,0
BRDA:131,6,0,40
BRDA:131,6,1,0
BRDA:131,7,0,40
BRDA:131,7,1,0
BRDA:168,8,0,17
BRDA:168,8,1,2
BRDA:168,9,0,19
BRDA:168,9,1,17
BRDA:171,10,0,1
BRDA:171,10,1,18
BRDA:173,11,0,1
BRDA:173,11,1,0
BRDA:186,12,0,0
BRDA:186,12,1,66
BRDA:191,13,0,68
BRDA:191,13,1,4
BRDA:198,14,0,0
BRDA:198,14,1,49
BRDA:209,15,0,0
BRDA:209,15,1,49
BRDA:213,16,0,1
BRDA:213,16,1,48
BRDA:216,17,0,1
BRDA:216,17,1,0
BRDA:222,18,0,1
BRDA:222,18,1,47
BRDA:222,19,0,48
BRDA:222,19,1,23
BRDA:222,19,2,1
BRDA:230,20,0,108
BRDA:230,20,1,91
BRDA:230,20,2,57
BRDA:230,20,3,48
BRDA:235,21,0,25
BRDA:235,21,1,83
BRDA:255,22,0,0
BRDA:255,22,1,26
BRDA:283,23,0,20
BRDA:283,23,1,17
BRDA:285,24,0,19
BRDA:285,24,1,1
BRDA:290,25,0,1
BRDA:290,25,1,19
BRDA:291,26,0,1
BRDA:291,26,1,0
BRF:57
BRH:44
end_of_record
TN:
SF:/var/www/html/sass_test/js/src/tab.js
FN:11,(anonymous_0)
FN:58,(anonymous_1)
FN:64,(anonymous_2)
FN:70,(anonymous_3)
FN:117,(anonymous_4)
FN:137,(anonymous_5)
FN:144,(anonymous_6)
FN:156,(anonymous_7)
FN:173,(anonymous_8)
FN:216,(anonymous_9)
FN:217,(anonymous_10)
FN:243,(anonymous_11)
FN:256,(anonymous_12)
FNF:13
FNH:11
FNDA:1,(anonymous_0)
FNDA:32,(anonymous_1)
FNDA:0,(anonymous_2)
FNDA:31,(anonymous_3)
FNDA:25,(anonymous_4)
FNDA:0,(anonymous_5)
FNDA:39,(anonymous_6)
FNDA:39,(anonymous_7)
FNDA:39,(anonymous_8)
FNDA:34,(anonymous_9)
FNDA:34,(anonymous_10)
FNDA:6,(anonymous_11)
FNDA:20,(anonymous_12)
DA:11,1
DA:18,1
DA:19,1
DA:20,1
DA:21,1
DA:22,1
DA:23,1
DA:25,1
DA:33,1
DA:41,1
DA:59,32
DA:65,0
DA:71,31
DA:75,4
DA:80,27
DA:81,27
DA:83,27
DA:84,27
DA:85,27
DA:86,27
DA:89,27
DA:93,27
DA:97,27
DA:98,10
DA:101,27
DA:103,27
DA:105,2
DA:108,25
DA:109,14
DA:112,25
DA:117,25
DA:118,25
DA:122,25
DA:126,25
DA:127,25
DA:130,25
DA:131,14
DA:133,11
DA:138,0
DA:139,0
DA:146,39
DA:147,21
DA:149,18
DA:152,39
DA:153,39
DA:156,39
DA:162,39
DA:163,1
DA:165,1
DA:169,38
DA:174,39
DA:175,15
DA:177,15
DA:181,15
DA:182,1
DA:185,15
DA:186,3
DA:190,39
DA:191,39
DA:192,4
DA:195,39
DA:196,39
DA:198,39
DA:200,0
DA:201,0
DA:202,0
DA:203,0
DA:206,0
DA:209,39
DA:210,14
DA:217,34
DA:218,34
DA:219,34
DA:221,34
DA:222,32
DA:223,32
DA:226,34
DA:227,32
DA:228,1
DA:230,31
DA:242,1
DA:244,6
DA:245,6
DA:254,1
DA:255,1
DA:256,1
DA:257,20
DA:258,20
DA:261,1
LF:89
LH:81
BRDA:71,0,0,4
BRDA:71,0,1,27
BRDA:71,1,0,31
BRDA:71,1,1,31
BRDA:71,1,2,30
BRDA:71,1,3,28
BRDA:83,2,0,27
BRDA:83,2,1,0
BRDA:84,3,0,18
BRDA:84,3,1,9
BRDA:97,4,0,10
BRDA:97,4,1,17
BRDA:103,5,0,2
BRDA:103,5,1,25
BRDA:103,6,0,27
BRDA:103,6,1,26
BRDA:108,7,0,14
BRDA:108,7,1,11
BRDA:130,8,0,14
BRDA:130,8,1,11
BRDA:146,9,0,21
BRDA:146,9,1,18
BRDA:153,10,0,39
BRDA:153,10,1,14
BRDA:153,10,2,6
BRDA:162,11,0,1
BRDA:162,11,1,38
BRDA:162,12,0,39
BRDA:162,12,1,15
BRDA:174,13,0,15
BRDA:174,13,1,24
BRDA:181,14,0,1
BRDA:181,14,1,14
BRDA:185,15,0,3
BRDA:185,15,1,12
BRDA:191,16,0,4
BRDA:191,16,1,35
BRDA:198,17,0,0
BRDA:198,17,1,39
BRDA:198,18,0,39
BRDA:198,18,1,39
BRDA:201,19,0,0
BRDA:201,19,1,0
BRDA:209,20,0,14
BRDA:209,20,1,25
BRDA:221,21,0,32
BRDA:221,21,1,2
BRDA:226,22,0,32
BRDA:226,22,1,2
BRDA:227,23,0,1
BRDA:227,23,1,31
BRF:51
BRH:47
end_of_record
TN:
SF:/var/www/html/sass_test/js/src/tooltip.js
FN:12,(anonymous_0)
FN:111,(anonymous_1)
FN:137,(anonymous_2)
FN:141,(anonymous_3)
FN:145,(anonymous_4)
FN:149,(anonymous_5)
FN:153,(anonymous_6)
FN:157,(anonymous_7)
FN:161,(anonymous_8)
FN:167,(anonymous_9)
FN:171,(anonymous_10)
FN:175,(anonymous_11)
FN:179,(anonymous_12)
FN:213,(anonymous_13)
FN:239,(anonymous_14)
FN:302,(anonymous_15)
FN:307,(anonymous_16)
FN:322,(anonymous_17)
FN:348,(anonymous_18)
FN:351,(anonymous_19)
FN:399,(anonymous_20)
FN:407,(anonymous_21)
FN:411,(anonymous_22)
FN:415,(anonymous_23)
FN:420,(anonymous_24)
FN:426,(anonymous_25)
FN:442,(anonymous_26)
FN:456,(anonymous_27)
FN:460,(anonymous_28)
FN:463,(anonymous_29)
FN:468,(anonymous_30)
FN:482,(anonymous_31)
FN:487,(anonymous_32)
FN:493,(anonymous_33)
FN:508,(anonymous_34)
FN:520,(anonymous_35)
FN:554,(anonymous_36)
FN:561,(anonymous_37)
FN:593,(anonymous_38)
FN:600,(anonymous_39)
FN:610,(anonymous_40)
FN:641,(anonymous_41)
FN:655,(anonymous_42)
FN:663,(anonymous_43)
FN:670,(anonymous_44)
FN:685,(anonymous_45)
FN:686,(anonymous_46)
FN:717,(anonymous_47)
FNF:48
FNH:45
FNDA:1,(anonymous_0)
FNDA:68,(anonymous_1)
FNDA:0,(anonymous_2)
FNDA:48,(anonymous_3)
FNDA:32,(anonymous_4)
FNDA:108,(anonymous_5)
FNDA:313,(anonymous_6)
FNDA:1,(anonymous_7)
FNDA:47,(anonymous_8)
FNDA:2,(anonymous_9)
FNDA:2,(anonymous_10)
FNDA:0,(anonymous_11)
FNDA:19,(anonymous_12)
FNDA:3,(anonymous_13)
FNDA:68,(anonymous_14)
FNDA:46,(anonymous_15)
FNDA:0,(anonymous_16)
FNDA:40,(anonymous_17)
FNDA:40,(anonymous_18)
FNDA:35,(anonymous_19)
FNDA:2,(anonymous_20)
FNDA:46,(anonymous_21)
FNDA:61,(anonymous_22)
FNDA:271,(anonymous_23)
FNDA:32,(anonymous_24)
FNDA:70,(anonymous_25)
FNDA:117,(anonymous_26)
FNDA:81,(anonymous_27)
FNDA:68,(anonymous_28)
FNDA:106,(anonymous_29)
FNDA:17,(anonymous_30)
FNDA:27,(anonymous_31)
FNDA:22,(anonymous_32)
FNDA:2,(anonymous_33)
FNDA:67,(anonymous_34)
FNDA:39,(anonymous_35)
FNDA:1,(anonymous_36)
FNDA:29,(anonymous_37)
FNDA:4,(anonymous_38)
FNDA:44,(anonymous_39)
FNDA:68,(anonymous_40)
FNDA:1,(anonymous_41)
FNDA:54,(anonymous_42)
FNDA:30,(anonymous_43)
FNDA:33,(anonymous_44)
FNDA:82,(anonymous_45)
FNDA:82,(anonymous_46)
FNDA:49,(anonymous_47)
DA:12,1
DA:19,1
DA:20,1
DA:21,1
DA:22,1
DA:23,1
DA:24,1
DA:25,1
DA:27,1
DA:42,1
DA:50,1
DA:67,1
DA:72,1
DA:85,1
DA:90,1
DA:96,1
DA:116,68
DA:117,0
DA:121,68
DA:122,68
DA:123,68
DA:124,68
DA:125,68
DA:128,68
DA:129,68
DA:130,68
DA:132,68
DA:138,0
DA:142,48
DA:146,32
DA:150,108
DA:154,313
DA:158,1
DA:162,47
DA:168,2
DA:172,2
DA:176,0
DA:180,19
DA:181,2
DA:184,17
DA:185,15
DA:186,15
DA:188,15
DA:189,1
DA:193,1
DA:196,15
DA:198,15
DA:199,11
DA:201,4
DA:204,2
DA:205,1
DA:206,1
DA:209,1
DA:214,3
DA:216,3
DA:218,3
DA:219,3
DA:221,3
DA:222,1
DA:225,3
DA:226,3
DA:227,3
DA:228,3
DA:229,3
DA:230,1
DA:233,3
DA:234,3
DA:235,3
DA:236,3
DA:240,68
DA:241,2
DA:244,66
DA:245,66
DA:246,54
DA:248,54
DA:253,54
DA:254,3
DA:257,51
DA:258,51
DA:260,51
DA:261,51
DA:263,51
DA:265,51
DA:266,44
DA:269,51
DA:273,51
DA:274,51
DA:276,51
DA:278,51
DA:280,51
DA:281,51
DA:284,51
DA:286,51
DA:303,46
DA:304,29
DA:308,0
DA:312,51
DA:318,51
DA:319,0
DA:322,51
DA:323,40
DA:324,33
DA:326,40
DA:327,40
DA:329,40
DA:331,40
DA:332,2
DA:336,51
DA:337,44
DA:339,44
DA:343,7
DA:349,40
DA:350,40
DA:351,40
DA:352,35
DA:353,26
DA:356,35
DA:357,35
DA:358,35
DA:359,35
DA:360,21
DA:363,35
DA:364,0
DA:368,40
DA:370,40
DA:371,1
DA:374,39
DA:378,39
DA:379,0
DA:382,39
DA:383,39
DA:384,39
DA:386,39
DA:387,22
DA:389,22
DA:393,17
DA:396,39
DA:400,2
DA:401,1
DA:408,46
DA:412,61
DA:416,271
DA:417,271
DA:421,32
DA:422,32
DA:423,32
DA:427,70
DA:428,70
DA:430,12
DA:431,8
DA:432,5
DA:435,4
DA:438,58
DA:443,117
DA:445,117
DA:446,50
DA:451,117
DA:457,81
DA:461,68
DA:463,68
DA:464,106
DA:465,25
DA:468,17
DA:470,81
DA:471,76
DA:474,76
DA:478,76
DA:482,27
DA:487,22
DA:491,106
DA:493,2
DA:497,68
DA:498,1
DA:504,67
DA:509,67
DA:510,67
DA:512,67
DA:516,67
DA:521,39
DA:523,39
DA:525,39
DA:526,0
DA:530,0
DA:533,39
DA:534,27
DA:539,39
DA:541,14
DA:542,14
DA:545,25
DA:547,25
DA:549,25
DA:550,21
DA:551,21
DA:554,4
DA:555,1
DA:556,1
DA:562,29
DA:564,29
DA:566,29
DA:567,0
DA:571,0
DA:574,29
DA:575,22
DA:580,29
DA:581,9
DA:584,20
DA:586,20
DA:588,20
DA:589,13
DA:590,13
DA:593,7
DA:594,4
DA:595,3
DA:601,44
DA:602,77
DA:603,20
DA:607,24
DA:611,68
DA:617,68
DA:618,62
DA:624,68
DA:625,1
DA:628,68
DA:629,1
DA:632,68
DA:638,68
DA:642,1
DA:644,1
DA:645,1
DA:646,13
DA:647,3
DA:652,1
DA:656,54
DA:657,54
DA:658,54
DA:659,40
DA:664,30
DA:665,30
DA:666,30
DA:667,30
DA:671,33
DA:672,33
DA:673,33
DA:674,32
DA:676,1
DA:677,1
DA:678,1
DA:679,1
DA:680,1
DA:686,82
DA:687,82
DA:688,82
DA:690,82
DA:691,1
DA:694,81
DA:695,46
DA:696,46
DA:699,81
DA:700,46
DA:701,1
DA:703,45
DA:715,1
DA:716,1
DA:717,1
DA:718,49
DA:719,49
DA:722,1
LF:267
LH:256
BRDA:116,0,0,0
BRDA:116,0,1,68
BRDA:180,1,0,2
BRDA:180,1,1,17
BRDA:184,2,0,15
BRDA:184,2,1,2
BRDA:188,3,0,1
BRDA:188,3,1,14
BRDA:198,4,0,11
BRDA:198,4,1,4
BRDA:204,5,0,1
BRDA:204,5,1,1
BRDA:221,6,0,1
BRDA:221,6,1,2
BRDA:229,7,0,1
BRDA:229,7,1,2
BRDA:240,8,0,2
BRDA:240,8,1,66
BRDA:245,9,0,54
BRDA:245,9,1,12
BRDA:245,10,0,66
BRDA:245,10,1,54
BRDA:253,11,0,3
BRDA:253,11,1,51
BRDA:253,12,0,54
BRDA:253,12,1,53
BRDA:265,13,0,44
BRDA:265,13,1,7
BRDA:269,14,0,0
BRDA:269,14,1,51
BRDA:276,15,0,47
BRDA:276,15,1,4
BRDA:280,16,0,51
BRDA:280,16,1,0
BRDA:303,17,0,29
BRDA:303,17,1,17
BRDA:318,18,0,0
BRDA:318,18,1,51
BRDA:323,19,0,33
BRDA:323,19,1,7
BRDA:331,20,0,2
BRDA:331,20,1,38
BRDA:336,21,0,44
BRDA:336,21,1,7
BRDA:352,22,0,26
BRDA:352,22,1,9
BRDA:352,23,0,35
BRDA:352,23,1,35
BRDA:359,24,0,21
BRDA:359,24,1,14
BRDA:363,25,0,0
BRDA:363,25,1,35
BRDA:370,26,0,1
BRDA:370,26,1,39
BRDA:378,27,0,0
BRDA:378,27,1,39
BRDA:386,28,0,22
BRDA:386,28,1,17
BRDA:400,29,0,1
BRDA:400,29,1,1
BRDA:416,30,0,271
BRDA:416,30,1,35
BRDA:428,31,0,12
BRDA:428,31,1,58
BRDA:428,32,0,70
BRDA:428,32,1,12
BRDA:428,32,2,5
BRDA:430,33,0,8
BRDA:430,33,1,4
BRDA:431,34,0,5
BRDA:431,34,1,3
BRDA:438,35,0,8
BRDA:438,35,1,50
BRDA:445,36,0,50
BRDA:445,36,1,67
BRDA:446,37,0,6
BRDA:446,37,1,44
BRDA:464,38,0,25
BRDA:464,38,1,81
BRDA:470,39,0,76
BRDA:470,39,1,5
BRDA:471,40,0,39
BRDA:471,40,1,37
BRDA:474,41,0,39
BRDA:474,41,1,37
BRDA:497,42,0,1
BRDA:497,42,1,67
BRDA:510,43,0,67
BRDA:510,43,1,0
BRDA:510,44,0,67
BRDA:510,44,1,24
BRDA:514,45,0,67
BRDA:514,45,1,24
BRDA:523,46,0,39
BRDA:523,46,1,27
BRDA:525,47,0,0
BRDA:525,47,1,39
BRDA:533,48,0,27
BRDA:533,48,1,12
BRDA:535,49,0,8
BRDA:535,49,1,19
BRDA:539,50,0,14
BRDA:539,50,1,25
BRDA:539,51,0,39
BRDA:539,51,1,36
BRDA:549,52,0,21
BRDA:549,52,1,4
BRDA:549,53,0,25
BRDA:549,53,1,25
BRDA:555,54,0,1
BRDA:555,54,1,0
BRDA:564,55,0,29
BRDA:564,55,1,22
BRDA:566,56,0,0
BRDA:566,56,1,29
BRDA:574,57,0,22
BRDA:574,57,1,7
BRDA:576,58,0,8
BRDA:576,58,1,14
BRDA:580,59,0,9
BRDA:580,59,1,20
BRDA:588,60,0,13
BRDA:588,60,1,7
BRDA:588,61,0,20
BRDA:588,61,1,20
BRDA:594,62,0,3
BRDA:594,62,1,1
BRDA:602,63,0,20
BRDA:602,63,1,57
BRDA:614,64,0,37
BRDA:614,64,1,31
BRDA:614,65,0,68
BRDA:614,65,1,45
BRDA:617,66,0,62
BRDA:617,66,1,6
BRDA:624,67,0,1
BRDA:624,67,1,67
BRDA:628,68,0,1
BRDA:628,68,1,67
BRDA:644,69,0,1
BRDA:644,69,1,0
BRDA:646,70,0,3
BRDA:646,70,1,10
BRDA:658,71,0,40
BRDA:658,71,1,14
BRDA:658,72,0,54
BRDA:658,72,1,40
BRDA:673,73,0,32
BRDA:673,73,1,1
BRDA:688,74,0,82
BRDA:688,74,1,23
BRDA:690,75,0,1
BRDA:690,75,1,81
BRDA:690,76,0,82
BRDA:690,76,1,47
BRDA:694,77,0,46
BRDA:694,77,1,35
BRDA:699,78,0,46
BRDA:699,78,1,35
BRDA:700,79,0,1
BRDA:700,79,1,45
BRF:161
BRH:150
end_of_record
TN:
SF:/var/www/html/sass_test/js/src/util.js
FN:10,(anonymous_0)
FN:22,toType
FN:26,getSpecialTransitionEndEvent
FN:39,transitionEndEmulator
FN:42,(anonymous_4)
FN:46,(anonymous_5)
FN:55,setTransitionEndSupport
FNF:7
FNH:7
FNDA:1,(anonymous_0)
FNDA:1466,toType
FNDA:1,getSpecialTransitionEndEvent
FNDA:146,transitionEndEmulator
FNDA:124,(anonymous_4)
FNDA:145,(anonymous_5)
FNDA:1,setTransitionEndSupport
DA:10,1
DA:17,1
DA:18,1
DA:19,1
DA:23,1466
DA:27,1
DA:31,250
DA:32,248
DA:34,2
DA:40,146
DA:42,146
DA:43,124
DA:46,146
DA:47,145
DA:48,143
DA:52,146
DA:56,1
DA:57,1
DA:66,1
DA:71,60
DA:73,60
DA:75,60
DA:79,395
DA:80,395
DA:81,366
DA:84,395
DA:85,395
DA:87,143
DA:92,151
DA:93,1
DA:97,150
DA:98,150
DA:101,150
DA:102,147
DA:106,3
DA:108,3
DA:112,79
DA:116,143
DA:121,1
DA:125,1074
DA:129,246
DA:130,1476
DA:131,1476
DA:132,1476
DA:133,1476
DA:136,1476
DA:137,3
DA:147,1
DA:149,1
LF:49
LH:49
BRDA:31,0,0,248
BRDA:31,0,1,2
BRDA:47,1,0,143
BRDA:47,1,1,2
BRDA:80,2,0,366
BRDA:80,2,1,29
BRDA:80,3,0,395
BRDA:80,3,1,29
BRDA:81,4,0,366
BRDA:81,4,1,57
BRDA:85,5,0,241
BRDA:85,5,1,11
BRDA:92,6,0,1
BRDA:92,6,1,150
BRDA:101,7,0,147
BRDA:101,7,1,3
BRDA:125,8,0,1074
BRDA:125,8,1,446
BRDA:130,9,0,1476
BRDA:130,9,1,0
BRDA:133,10,0,10
BRDA:133,10,1,1466
BRDA:133,11,0,1476
BRDA:133,11,1,1012
BRDA:136,12,0,3
BRDA:136,12,1,1473
BRF:26
BRH:25
end_of_record
